<?xml version="1.0" encoding="UTF-8"?>
<!-- Generated by org.testng.reporters.JUnitReportReporter -->
<testsuite hostname="UK1LPT11" name="com.seleniumtests.test.WebDriverExcercise" tests="1" failures="0" timestamp="1 Jun 2015 00:28:39 GMT" time="23.536" errors="0">
  <testcase name="testNavigateToNewLocation" time="23.536" classname="com.seleniumtests.test.WebDriverExcercise"/>
</testsuite> <!-- com.seleniumtests.test.WebDriverExcercise -->
